2023-08-03 16:47:30 Error: Fatal Error (4): syntax error, unexpected ')' in [/home/thwebi/domains/crmquanao.webi.vn/public_html/app/Plugin/Api/Controller/ApiProductController.php, line 227]
2023-08-03 16:49:57 Error: Fatal Error (4): syntax error, unexpected ''offset'' (T_CONSTANT_ENCAPSED_STRING), expecting ')' in [/home/thwebi/domains/crmquanao.webi.vn/public_html/app/Plugin/Api/Controller/ApiProductController.php, line 222]
2023-08-03 16:50:46 Error: Fatal Error (4): syntax error, unexpected ']' in [/home/thwebi/domains/crmquanao.webi.vn/public_html/app/Plugin/Api/Controller/ApiProductController.php, line 208]
2023-08-03 17:47:23 Error: Fatal Error (1): Call to a member function removeXss() on null in [/home/thwebi/domains/crmquanao.webi.vn/public_html/app/Plugin/Api/Controller/ApiProductController.php, line 91]
2023-08-03 17:51:41 Error: Fatal Error (1): Call to a member function removeXss() on null in [/home/thwebi/domains/crmquanao.webi.vn/public_html/app/Plugin/Api/Controller/ApiProductController.php, line 91]
2023-08-03 17:53:42 Error: Fatal Error (1): Call to a member function removeXss() on null in [/home/thwebi/domains/crmquanao.webi.vn/public_html/app/Plugin/Api/Controller/ApiProductController.php, line 91]
2023-08-03 18:11:55 Error: Fatal Error (1): Call to a member function removeXss() on null in [/home/thwebi/domains/crmquanao.webi.vn/public_html/app/Plugin/Api/Controller/ApiProductController.php, line 91]
2023-08-03 18:17:10 Error: Fatal Error (1): Call to a member function removeXss() on null in [/home/thwebi/domains/crmquanao.webi.vn/public_html/app/Plugin/Api/Controller/ApiProductController.php, line 91]
2023-08-03 18:17:41 Error: Fatal Error (1): Call to a member function removeXss() on null in [/home/thwebi/domains/crmquanao.webi.vn/public_html/app/Plugin/Api/Controller/ApiProductController.php, line 91]
2023-08-03 18:17:43 Error: Fatal Error (1): Call to a member function removeXss() on null in [/home/thwebi/domains/crmquanao.webi.vn/public_html/app/Plugin/Api/Controller/ApiProductController.php, line 91]
2023-08-03 18:17:46 Error: Fatal Error (1): Call to a member function removeXss() on null in [/home/thwebi/domains/crmquanao.webi.vn/public_html/app/Plugin/Api/Controller/ApiProductController.php, line 91]
2023-08-03 18:17:48 Error: Fatal Error (1): Call to a member function removeXss() on null in [/home/thwebi/domains/crmquanao.webi.vn/public_html/app/Plugin/Api/Controller/ApiProductController.php, line 91]
2023-08-03 18:17:50 Error: Fatal Error (1): Call to a member function removeXss() on null in [/home/thwebi/domains/crmquanao.webi.vn/public_html/app/Plugin/Api/Controller/ApiProductController.php, line 91]
2023-08-03 18:17:52 Error: Fatal Error (1): Call to a member function removeXss() on null in [/home/thwebi/domains/crmquanao.webi.vn/public_html/app/Plugin/Api/Controller/ApiProductController.php, line 91]
2023-08-03 18:17:55 Error: Fatal Error (1): Call to a member function removeXss() on null in [/home/thwebi/domains/crmquanao.webi.vn/public_html/app/Plugin/Api/Controller/ApiProductController.php, line 91]
2023-08-03 18:17:57 Error: Fatal Error (1): Call to a member function removeXss() on null in [/home/thwebi/domains/crmquanao.webi.vn/public_html/app/Plugin/Api/Controller/ApiProductController.php, line 91]
2023-08-03 18:17:59 Error: Fatal Error (1): Call to a member function removeXss() on null in [/home/thwebi/domains/crmquanao.webi.vn/public_html/app/Plugin/Api/Controller/ApiProductController.php, line 91]
2023-08-03 18:18:00 Error: Fatal Error (1): Call to a member function removeXss() on null in [/home/thwebi/domains/crmquanao.webi.vn/public_html/app/Plugin/Api/Controller/ApiProductController.php, line 91]
2023-08-03 18:18:02 Error: Fatal Error (1): Call to a member function removeXss() on null in [/home/thwebi/domains/crmquanao.webi.vn/public_html/app/Plugin/Api/Controller/ApiProductController.php, line 91]
2023-08-03 18:18:04 Error: Fatal Error (1): Call to a member function removeXss() on null in [/home/thwebi/domains/crmquanao.webi.vn/public_html/app/Plugin/Api/Controller/ApiProductController.php, line 91]
2023-08-03 18:18:06 Error: Fatal Error (1): Call to a member function removeXss() on null in [/home/thwebi/domains/crmquanao.webi.vn/public_html/app/Plugin/Api/Controller/ApiProductController.php, line 91]
2023-08-03 18:29:25 Error: Fatal Error (1): Call to a member function removeXss() on null in [/home/thwebi/domains/crmquanao.webi.vn/public_html/app/Plugin/Api/Controller/ApiProductController.php, line 91]
2023-08-03 18:31:00 Error: Fatal Error (1): Call to a member function removeXss() on null in [/home/thwebi/domains/crmquanao.webi.vn/public_html/app/Plugin/Api/Controller/ApiProductController.php, line 91]
2023-08-03 18:31:19 Error: Fatal Error (1): Call to a member function removeXss() on null in [/home/thwebi/domains/crmquanao.webi.vn/public_html/app/Plugin/Api/Controller/ApiProductController.php, line 91]
2023-08-03 18:31:56 Error: Fatal Error (1): Call to a member function removeXss() on null in [/home/thwebi/domains/crmquanao.webi.vn/public_html/app/Plugin/Api/Controller/ApiProductController.php, line 91]
2023-08-03 22:03:44 Error: Fatal Error (64): Cannot redeclare ApiProductController::product_edit() in [/home/thwebi/domains/crmquanao.webi.vn/public_html/app/Plugin/Api/Controller/ApiProductController.php, line 178]
2023-08-03 22:08:25 Error: Fatal Error (64): Cannot redeclare ApiProductController::product_edit() in [/home/thwebi/domains/crmquanao.webi.vn/public_html/app/Plugin/Api/Controller/ApiProductController.php, line 178]
2023-08-03 22:09:05 Error: Fatal Error (64): Cannot redeclare ApiProductController::product_edit() in [/home/thwebi/domains/crmquanao.webi.vn/public_html/app/Plugin/Api/Controller/ApiProductController.php, line 178]
2023-08-03 22:09:45 Error: Fatal Error (64): Cannot redeclare ApiProductController::product_edit() in [/home/thwebi/domains/crmquanao.webi.vn/public_html/app/Plugin/Api/Controller/ApiProductController.php, line 178]
2023-08-03 22:09:59 Error: Fatal Error (64): Cannot redeclare ApiProductController::product_edit() in [/home/thwebi/domains/crmquanao.webi.vn/public_html/app/Plugin/Api/Controller/ApiProductController.php, line 178]
2023-08-03 22:10:10 Error: Fatal Error (64): Cannot redeclare ApiProductController::product_edit() in [/home/thwebi/domains/crmquanao.webi.vn/public_html/app/Plugin/Api/Controller/ApiProductController.php, line 178]
2023-08-03 22:10:12 Error: Fatal Error (64): Cannot redeclare ApiProductController::product_edit() in [/home/thwebi/domains/crmquanao.webi.vn/public_html/app/Plugin/Api/Controller/ApiProductController.php, line 178]
2023-08-03 22:11:07 Error: Fatal Error (64): Cannot redeclare ApiProductController::product_edit() in [/home/thwebi/domains/crmquanao.webi.vn/public_html/app/Plugin/Api/Controller/ApiProductController.php, line 178]
2023-08-03 22:13:38 Error: Fatal Error (64): Cannot redeclare ApiProductController::product_edit() in [/home/thwebi/domains/crmquanao.webi.vn/public_html/app/Plugin/Api/Controller/ApiProductController.php, line 178]
2023-08-03 22:13:45 Error: Fatal Error (64): Cannot redeclare ApiProductController::product_edit() in [/home/thwebi/domains/crmquanao.webi.vn/public_html/app/Plugin/Api/Controller/ApiProductController.php, line 178]
2023-08-03 22:15:10 Error: Fatal Error (64): Cannot redeclare ApiProductController::product_edit() in [/home/thwebi/domains/crmquanao.webi.vn/public_html/app/Plugin/Api/Controller/ApiProductController.php, line 178]
2023-08-03 22:15:46 Error: Fatal Error (64): Cannot redeclare ApiProductController::product_edit() in [/home/thwebi/domains/crmquanao.webi.vn/public_html/app/Plugin/Api/Controller/ApiProductController.php, line 178]
2023-08-03 22:15:59 Error: Fatal Error (64): Cannot redeclare ApiProductController::product_edit() in [/home/thwebi/domains/crmquanao.webi.vn/public_html/app/Plugin/Api/Controller/ApiProductController.php, line 178]
2023-08-03 22:17:04 Error: Fatal Error (64): Cannot redeclare ApiProductController::product_edit() in [/home/thwebi/domains/crmquanao.webi.vn/public_html/app/Plugin/Api/Controller/ApiProductController.php, line 178]
2023-08-03 22:17:05 Error: Fatal Error (64): Cannot redeclare ApiProductController::product_edit() in [/home/thwebi/domains/crmquanao.webi.vn/public_html/app/Plugin/Api/Controller/ApiProductController.php, line 178]
2023-08-03 22:17:05 Error: Fatal Error (64): Cannot redeclare ApiProductController::product_edit() in [/home/thwebi/domains/crmquanao.webi.vn/public_html/app/Plugin/Api/Controller/ApiProductController.php, line 178]
2023-08-03 22:17:06 Error: Fatal Error (64): Cannot redeclare ApiProductController::product_edit() in [/home/thwebi/domains/crmquanao.webi.vn/public_html/app/Plugin/Api/Controller/ApiProductController.php, line 178]
2023-08-03 22:17:16 Error: Fatal Error (64): Cannot redeclare ApiProductController::product_edit() in [/home/thwebi/domains/crmquanao.webi.vn/public_html/app/Plugin/Api/Controller/ApiProductController.php, line 178]
2023-08-03 22:17:17 Error: Fatal Error (64): Cannot redeclare ApiProductController::product_edit() in [/home/thwebi/domains/crmquanao.webi.vn/public_html/app/Plugin/Api/Controller/ApiProductController.php, line 178]
2023-08-03 22:17:17 Error: Fatal Error (64): Cannot redeclare ApiProductController::product_edit() in [/home/thwebi/domains/crmquanao.webi.vn/public_html/app/Plugin/Api/Controller/ApiProductController.php, line 178]
2023-08-03 22:17:26 Error: Fatal Error (64): Cannot redeclare ApiProductController::product_edit() in [/home/thwebi/domains/crmquanao.webi.vn/public_html/app/Plugin/Api/Controller/ApiProductController.php, line 178]
2023-08-03 22:18:09 Error: Fatal Error (64): Cannot redeclare ApiProductController::product_edit() in [/home/thwebi/domains/crmquanao.webi.vn/public_html/app/Plugin/Api/Controller/ApiProductController.php, line 178]
2023-08-03 22:18:09 Error: Fatal Error (64): Cannot redeclare ApiProductController::product_edit() in [/home/thwebi/domains/crmquanao.webi.vn/public_html/app/Plugin/Api/Controller/ApiProductController.php, line 178]
2023-08-03 22:18:10 Error: Fatal Error (64): Cannot redeclare ApiProductController::product_edit() in [/home/thwebi/domains/crmquanao.webi.vn/public_html/app/Plugin/Api/Controller/ApiProductController.php, line 178]
2023-08-03 22:18:10 Error: Fatal Error (64): Cannot redeclare ApiProductController::product_edit() in [/home/thwebi/domains/crmquanao.webi.vn/public_html/app/Plugin/Api/Controller/ApiProductController.php, line 178]
2023-08-03 22:23:43 Error: Fatal Error (64): Cannot redeclare ApiProductController::product_edit() in [/home/thwebi/domains/crmquanao.webi.vn/public_html/app/Plugin/Api/Controller/ApiProductController.php, line 178]
2023-08-03 22:24:02 Error: Fatal Error (64): Cannot redeclare ApiProductController::product_edit() in [/home/thwebi/domains/crmquanao.webi.vn/public_html/app/Plugin/Api/Controller/ApiProductController.php, line 178]
2023-08-03 22:28:14 Error: Fatal Error (64): Cannot redeclare ApiProductController::product_edit() in [/home/thwebi/domains/crmquanao.webi.vn/public_html/app/Plugin/Api/Controller/ApiProductController.php, line 178]
2023-08-03 22:30:24 Error: Fatal Error (64): Cannot redeclare ApiProductController::product_edit() in [/home/thwebi/domains/crmquanao.webi.vn/public_html/app/Plugin/Api/Controller/ApiProductController.php, line 178]
2023-08-03 22:30:57 Error: Fatal Error (64): Cannot redeclare ApiProductController::product_edit() in [/home/thwebi/domains/crmquanao.webi.vn/public_html/app/Plugin/Api/Controller/ApiProductController.php, line 178]
2023-08-03 22:31:20 Error: Fatal Error (64): Cannot redeclare ApiProductController::product_edit() in [/home/thwebi/domains/crmquanao.webi.vn/public_html/app/Plugin/Api/Controller/ApiProductController.php, line 178]
2023-08-03 22:32:15 Error: Fatal Error (64): Cannot redeclare ApiProductController::product_edit() in [/home/thwebi/domains/crmquanao.webi.vn/public_html/app/Plugin/Api/Controller/ApiProductController.php, line 178]
2023-08-03 22:33:12 Error: Fatal Error (64): Cannot redeclare ApiProductController::product_edit() in [/home/thwebi/domains/crmquanao.webi.vn/public_html/app/Plugin/Api/Controller/ApiProductController.php, line 178]
2023-08-03 22:34:42 Error: Fatal Error (64): Cannot redeclare ApiProductController::product_edit() in [/home/thwebi/domains/crmquanao.webi.vn/public_html/app/Plugin/Api/Controller/ApiProductController.php, line 178]
2023-08-03 22:49:49 Error: Fatal Error (64): Cannot redeclare ApiProductController::product_edit() in [/home/thwebi/domains/crmquanao.webi.vn/public_html/app/Plugin/Api/Controller/ApiProductController.php, line 178]
2023-08-03 23:03:35 Error: Fatal Error (64): Cannot redeclare ApiProductController::product_edit() in [/home/thwebi/domains/crmquanao.webi.vn/public_html/app/Plugin/Api/Controller/ApiProductController.php, line 178]
2023-08-03 23:06:49 Error: Fatal Error (64): Cannot redeclare ApiProductController::product_edit() in [/home/thwebi/domains/crmquanao.webi.vn/public_html/app/Plugin/Api/Controller/ApiProductController.php, line 178]
2023-08-03 23:07:41 Error: Fatal Error (64): Cannot redeclare ApiProductController::product_edit() in [/home/thwebi/domains/crmquanao.webi.vn/public_html/app/Plugin/Api/Controller/ApiProductController.php, line 178]
2023-08-03 23:09:01 Error: Fatal Error (64): Cannot redeclare ApiProductController::product_edit() in [/home/thwebi/domains/crmquanao.webi.vn/public_html/app/Plugin/Api/Controller/ApiProductController.php, line 178]
2023-08-03 23:09:15 Error: Fatal Error (64): Cannot redeclare ApiProductController::product_edit() in [/home/thwebi/domains/crmquanao.webi.vn/public_html/app/Plugin/Api/Controller/ApiProductController.php, line 178]
2023-08-03 23:09:26 Error: Fatal Error (64): Cannot redeclare ApiProductController::product_edit() in [/home/thwebi/domains/crmquanao.webi.vn/public_html/app/Plugin/Api/Controller/ApiProductController.php, line 178]
2023-08-03 23:28:12 Error: Fatal Error (64): Cannot redeclare ApiProductController::product_edit() in [/home/thwebi/domains/crmquanao.webi.vn/public_html/app/Plugin/Api/Controller/ApiProductController.php, line 178]
2023-08-03 23:38:32 Error: Fatal Error (64): Cannot redeclare ApiProductController::product_edit() in [/home/thwebi/domains/crmquanao.webi.vn/public_html/app/Plugin/Api/Controller/ApiProductController.php, line 178]
2023-08-03 23:44:38 Error: Fatal Error (64): Cannot redeclare ApiProductController::product_edit() in [/home/thwebi/domains/crmquanao.webi.vn/public_html/app/Plugin/Api/Controller/ApiProductController.php, line 178]
2023-08-04 06:59:49 Error: Fatal Error (64): Cannot redeclare ApiProductController::product_edit() in [/home/thwebi/domains/crmquanao.webi.vn/public_html/app/Plugin/Api/Controller/ApiProductController.php, line 178]
2023-08-04 07:01:06 Error: Fatal Error (64): Cannot redeclare ApiProductController::product_edit() in [/home/thwebi/domains/crmquanao.webi.vn/public_html/app/Plugin/Api/Controller/ApiProductController.php, line 178]
2023-08-04 07:01:48 Error: Fatal Error (64): Cannot redeclare ApiProductController::product_edit() in [/home/thwebi/domains/crmquanao.webi.vn/public_html/app/Plugin/Api/Controller/ApiProductController.php, line 178]
2023-08-04 08:09:40 Error: Fatal Error (64): Cannot redeclare ApiProductController::product_edit() in [/home/thwebi/domains/crmquanao.webi.vn/public_html/app/Plugin/Api/Controller/ApiProductController.php, line 178]
2023-08-04 08:10:05 Error: Fatal Error (64): Cannot redeclare ApiProductController::product_edit() in [/home/thwebi/domains/crmquanao.webi.vn/public_html/app/Plugin/Api/Controller/ApiProductController.php, line 178]
2023-08-05 00:44:53 Error: Fatal Error (4): syntax error, unexpected end of file, expecting function (T_FUNCTION) in [/home/thwebi/domains/dr-phone.webi.vn/public_html/app/Plugin/Default/Controller/NodeController.php, line 3904]
2023-08-05 00:45:47 Error: Fatal Error (4): syntax error, unexpected end of file, expecting function (T_FUNCTION) in [/home/thwebi/domains/dr-phone.webi.vn/public_html/app/Plugin/Default/Controller/NodeController.php, line 3904]
2023-08-05 10:14:35 Error: Fatal Error (1): Call to a member function findById() on null in [/home/thwebi/domains/dr-phone.webi.vn/public_html/app/Plugin/Default/Controller/NodeController.php, line 3935]
2023-08-05 13:12:25 Error: Fatal Error (4): syntax error, unexpected 'if' (T_IF) in [/home/thwebi/domains/dr-phone.webi.vn/public_html/app/View/Themed/Default/Plugin/Default/Node/check_qr_infor.ctp, line 55]
2023-08-05 13:12:50 Error: Fatal Error (4): syntax error, unexpected 'if' (T_IF) in [/home/thwebi/domains/dr-phone.webi.vn/public_html/app/View/Themed/Default/Plugin/Default/Node/check_qr_infor.ctp, line 55]
2023-08-05 13:12:52 Error: Fatal Error (4): syntax error, unexpected 'if' (T_IF) in [/home/thwebi/domains/dr-phone.webi.vn/public_html/app/View/Themed/Default/Plugin/Default/Node/check_qr_infor.ctp, line 55]
2023-08-05 15:48:12 Error: Fatal Error (1): Call to a member function find() on null in [/home/thwebi/domains/dr-phone.webi.vn/public_html/app/Plugin/Admin/Controller/AdminQrcodeController.php, line 29]
2023-08-05 15:54:06 Error: Fatal Error (1): Call to a member function find() on null in [/home/thwebi/domains/dr-phone.webi.vn/public_html/app/Plugin/Admin/Controller/AdminQrcodeController.php, line 29]
2023-10-10 00:13:52 Error: Fatal Error (1): Call to a member function find() on null in [/home/thwebi/domains/dr-phone.webi.vn/public_html/app/Plugin/Default/Controller/DefaultAppController.php, line 302]
2023-10-10 00:16:51 Error: Fatal Error (1): Call to a member function find() on null in [/home/thwebi/domains/dr-phone.webi.vn/public_html/app/Plugin/Default/Controller/DefaultAppController.php, line 302]
2023-10-10 00:17:03 Error: Fatal Error (1): Call to a member function find() on null in [/home/thwebi/domains/dr-phone.webi.vn/public_html/app/Plugin/Default/Controller/DefaultAppController.php, line 302]
2023-10-10 00:18:00 Error: Fatal Error (1): Call to a member function find() on null in [/home/thwebi/domains/dr-phone.webi.vn/public_html/app/Plugin/Default/Controller/DefaultAppController.php, line 302]
2023-10-10 00:18:01 Error: Fatal Error (1): Call to a member function find() on null in [/home/thwebi/domains/dr-phone.webi.vn/public_html/app/Plugin/Default/Controller/DefaultAppController.php, line 302]
2023-10-10 00:45:46 Error: Fatal Error (4): syntax error, unexpected '' (T_ENCAPSED_AND_WHITESPACE), expecting identifier (T_STRING) or variable (T_VARIABLE) or number (T_NUM_STRING) in [/home/thwebi/domains/dr-phone.webi.vn/public_html/app/View/Themed/Default/Plugin/Default/Home/home_index.ctp, line 173]
2023-10-10 00:51:16 Error: Fatal Error (4): syntax error, unexpected end of file in [/home/thwebi/domains/dr-phone.webi.vn/public_html/app/View/Themed/Default/Plugin/Default/Home/home_index.ctp, line 188]
2023-10-10 00:51:18 Error: Fatal Error (4): syntax error, unexpected end of file in [/home/thwebi/domains/dr-phone.webi.vn/public_html/app/View/Themed/Default/Plugin/Default/Home/home_index.ctp, line 188]
2023-10-10 00:51:19 Error: Fatal Error (4): syntax error, unexpected end of file in [/home/thwebi/domains/dr-phone.webi.vn/public_html/app/View/Themed/Default/Plugin/Default/Home/home_index.ctp, line 188]
2023-10-12 09:51:53 Error: Fatal Error (1): Call to undefined function getLatLng() in [/home/thwebi/domains/dr-phone.webi.vn/public_html/app/Plugin/Default/Controller/DefaultAppController.php, line 1118]
2023-10-12 09:51:55 Error: Fatal Error (1): Call to undefined function getLatLng() in [/home/thwebi/domains/dr-phone.webi.vn/public_html/app/Plugin/Default/Controller/DefaultAppController.php, line 1118]
2023-10-12 09:52:10 Error: Fatal Error (1): Call to undefined function getLatLng() in [/home/thwebi/domains/dr-phone.webi.vn/public_html/app/Plugin/Default/Controller/DefaultAppController.php, line 1118]
2023-10-12 09:53:42 Error: Fatal Error (1): Call to undefined function getLatLng() in [/home/thwebi/domains/dr-phone.webi.vn/public_html/app/Plugin/Default/Controller/DefaultAppController.php, line 1122]
2023-10-12 10:00:20 Error: Fatal Error (1): Call to undefined function getLatLng() in [/home/thwebi/domains/dr-phone.webi.vn/public_html/app/Plugin/Default/Controller/DefaultAppController.php, line 1124]
2023-10-12 10:01:12 Error: Fatal Error (1): Call to undefined function calculateDistance() in [/home/thwebi/domains/dr-phone.webi.vn/public_html/app/Plugin/Default/Controller/DefaultAppController.php, line 1126]
2023-10-12 10:20:01 Error: Fatal Error (4): syntax error, unexpected '$theta' (T_VARIABLE) in [/home/thwebi/domains/dr-phone.webi.vn/public_html/app/Plugin/Default/Controller/DefaultAppController.php, line 1106]
2023-10-12 11:53:52 Error: Fatal Error (4): syntax error, unexpected '}' in [/home/thwebi/domains/dr-phone.webi.vn/public_html/app/Plugin/Default/Controller/NodeController.php, line 4010]
2023-10-12 17:47:06 Error: Fatal Error (4): syntax error, unexpected '}' in [/home/thwebi/domains/dr-phone.webi.vn/public_html/app/Plugin/Default/Controller/NodeController.php, line 3997]
2024-04-25 05:54:22 Error: Fatal Error (1): Call to a member function encrypt_string() on null in [/home/thwebi/domains/distributed.webi.vn/public_html/app/Plugin/Api/Controller/UserController.php, line 139]
2024-07-06 15:36:57 Error: Fatal Error (1): Call to undefined method SessionComponent::get() in [/home/thwebi/domains/distributed.webi.vn/public_html/app/Plugin/Default/Controller/HomeController.php, line 154]
2024-07-06 16:21:02 Error: Fatal Error (1): Call to a member function find() on null in [/home/thwebi/domains/distributed.webi.vn/public_html/app/Plugin/Default/Controller/NodeController.php, line 1145]
2024-07-12 10:14:33 Error: Fatal Error (1): Call to undefined method AdminProductController::get_categories() in [/home/thwebi/domains/distributed.webi.vn/public_html/app/Plugin/Admin/Controller/AdminProductController.php, line 29]
2024-07-12 10:15:04 Error: Fatal Error (1): Call to undefined method AdminProductController::get_categories() in [/home/thwebi/domains/distributed.webi.vn/public_html/app/Plugin/Admin/Controller/AdminProductController.php, line 29]
2024-07-12 10:17:29 Error: Fatal Error (1): Call to undefined method AdminProductController::get_categories() in [/home/thwebi/domains/distributed.webi.vn/public_html/app/Plugin/Admin/Controller/AdminProductController.php, line 29]
2024-07-12 10:30:31 Error: Fatal Error (1): Call to a member function findById() on null in [/home/thwebi/domains/distributed.webi.vn/public_html/app/Plugin/Admin/Controller/AdminCustomerController.php, line 65]
